(function(x,y) {
    return x + y;
})(5,6);
11
var add = function(x,y) {
    return x + y;
};
undefined
add = (x,y) => x + y;
(x,y) => x + y
add(4,5)
9
add = (x,y) => { return x + y};
(x,y) => { return x + y}
add(4,6)
10
const add = (x,y) => x + y;
VM478:1 Uncaught SyntaxError: Identifier 'add' has already been declared
const add1 = (x,y) => x + y;
undefined
add(4,5)
9
var add1 = function() {
    return x + y;
}
VM572:1 Uncaught SyntaxError: Identifier 'add1' has already been declared
    at <anonymous>:1:1
(anonymous) @ VM572:1
var add2 = function() {
    return x + y;
}
undefined
const add3 = (x,y) => x + y;
undefined
