a = 12;
12
var b = 14;
undefined
a + b
26
a - b
-2
a / b
0.8571428571428571
a = '10'
"10"
b
14
typeof a
"string"
typeof b
"number"
b = 10
10
a + b
"1010"
a - b
0
a * b
100
a / b
1
c = 20
20
a + b + c 
"101020"
b + c + a
"3010"
a
"10"
b
10
a == b
true
a === b
false
function add() {
    x = 12;
    y = 13;
    z = x + y;
    console.log("Sum is",z);
}
undefined
add()
VM554:5 Sum is 25
undefined
z = x - y;
-1
function add() {
    var x1 = 12;
    var y1 = 13;
    var z1 = x1 + y1;
    console.log("Sum is",z1);
}
undefined
add()
VM642:5 Sum is 25
undefined
z = x1 - y1
VM687:1 Uncaught ReferenceError: x1 is not defined
    at <anonymous>:1:1
(anonymous) @ VM687:1
typeof a
"string"
arr = [2,34,6,7,3,2,7,89]
(8) [2, 34, 6, 7, 3, 2, 7, 89]
typeof arr
"object"
instanceof Array
VM809:1 Uncaught SyntaxError: Unexpected token 'instanceof'
arr instanceof Array
true
a 
"10"
typeof a
"string"
a instanceof String
false
var s1 = new String("Hello");
undefined
typeof s1
"object"
s1 instanceof String
true
s1
String {"Hello"}0: "H"1: "e"2: "l"3: "l"4: "o"length: 5__proto__: Stringanchor: ƒ anchor()big: ƒ big()blink: ƒ blink()bold: ƒ bold()charAt: ƒ charAt()charCodeAt: ƒ charCodeAt()codePointAt: ƒ codePointAt()concat: ƒ concat()constructor: ƒ String()endsWith: ƒ endsWith()fixed: ƒ fixed()fontcolor: ƒ fontcolor()fontsize: ƒ fontsize()includes: ƒ includes()indexOf: ƒ indexOf()italics: ƒ italics()lastIndexOf: ƒ lastIndexOf()length: 0link: ƒ link()localeCompare: ƒ localeCompare()match: ƒ match()matchAll: ƒ matchAll()normalize: ƒ normalize()padEnd: ƒ padEnd()padStart: ƒ padStart()repeat: ƒ repeat()replace: ƒ replace()search: ƒ search()slice: ƒ slice()small: ƒ small()split: ƒ split()startsWith: ƒ startsWith()strike: ƒ strike()sub: ƒ sub()substr: ƒ substr()substring: ƒ substring()sup: ƒ sup()toLocaleLowerCase: ƒ toLocaleLowerCase()toLocaleUpperCase: ƒ toLocaleUpperCase()toLowerCase: ƒ toLowerCase()toString: ƒ toString()toUpperCase: ƒ toUpperCase()trim: ƒ trim()trimEnd: ƒ trimEnd()trimLeft: ƒ trimStart()trimRight: ƒ trimEnd()trimStart: ƒ trimStart()valueOf: ƒ valueOf()Symbol(Symbol.iterator): ƒ [Symbol.iterator]()__proto__: Object[[PrimitiveValue]]: ""[[PrimitiveValue]]: "Hello"
arr
(8) [2, 34, 6, 7, 3, 2, 7, 89]0: 21: 342: 63: 74: 35: 26: 77: 89length: 8__proto__: Array(0)concat: ƒ concat()constructor: ƒ Array()copyWithin: ƒ copyWithin()entries: ƒ entries()every: ƒ every()fill: ƒ fill()filter: ƒ filter()find: ƒ find()findIndex: ƒ findIndex()flat: ƒ flat()flatMap: ƒ flatMap()forEach: ƒ forEach()includes: ƒ includes()indexOf: ƒ indexOf()join: ƒ join()keys: ƒ keys()lastIndexOf: ƒ lastIndexOf()length: 0map: ƒ map()pop: ƒ pop()push: ƒ push()reduce: ƒ reduce()reduceRight: ƒ reduceRight()reverse: ƒ reverse()shift: ƒ shift()slice: ƒ slice()some: ƒ some()sort: ƒ sort()splice: ƒ splice()toLocaleString: ƒ toLocaleString()toString: ƒ toString()unshift: ƒ unshift()values: ƒ values()Symbol(Symbol.iterator): ƒ values()Symbol(Symbol.unscopables): {copyWithin: true, entries: true, fill: true, find: true, findIndex: true, …}__proto__: Object
arr instanceof Array
true
typeof Array
"function"
Array
ƒ Array() { [native code] }
Array instanceof Object
true
typeof Object
"function"
