arr = [3,4,6,8,9,2]
(6) [3, 4, 6, 8, 9, 2]
for(let i of arr) {
    console.log(i);
}
VM177:2 3
VM177:2 4
VM177:2 6
VM177:2 8
VM177:2 9
VM177:2 2
undefined
for(let i,val of arr.entries()) {
    console.log(i,val);
}
VM217:1 Uncaught SyntaxError: Invalid left-hand side in for-of loop: Must have a single binding.
for(let [i,val] of arr.entries()) {
    console.log(i,val);
}
VM235:2 0 3
VM235:2 1 4
VM235:2 2 6
VM235:2 3 8
VM235:2 4 9
VM235:2 5 2
undefined
Map
ƒ Map() { [native code] }
arr.filter(function(x) {
    return x >= 5
})
(3) [6, 8, 9]
arr.map(function(x) {
    return x >= 5
})
(6) [false, false, true, true, true, false]
function temp_convert(cel){
    return 9/5 * cel + 32
}
undefined
temp_convert(34.5)
94.1
arr = [42.11,39.8,34.5,40.9]
(4) [42.11, 39.8, 34.5, 40.9]
arr.map(temp_convert)
(4) [107.798, 103.64, 94.1, 105.62]
function add(x,y) {
    return x + y;
}
undefined
add()
NaN
function add(x=0,y=0) {
    return x + y;
}
undefined
add()
0
var obj = {'name' : 'Ram', 'sal' : 45000}
undefined
obj
{name: "Ram", sal: 45000}
var obj = {'name' : 'Ram',
     'sal' : 45000,
     add(x,y) {return x + y}
}
undefined
obj
{name: "Ram", sal: 45000, add: ƒ}
obj.add
ƒ add(x,y) {return x + y}
obj.add(4,5)
9
var obj = {'name' : 'Ram',
     'sal' : 45000,
     add(x,y) {return x + y},
    arr,
}
undefined
obj.arr
(4) [42.11, 39.8, 34.5, 40.9]
obj
{name: "Ram", sal: 45000, arr: Array(4), add: ƒ}
var obj = {'name' : 'Ram',
     'sal' : 45000,
     add (x,y) => {(return x + y)}
}
VM1005:3 Uncaught SyntaxError: Unexpected token '=>'
var obj = {'name' : 'Ram',
     'sal' : 45000,
     add = (x,y) => {x + y}
}
VM1026:3 Uncaught SyntaxError: Invalid shorthand property initializer
var obj = {'name' : 'Ram',
     'sal' : 45000,
     add : (x,y) => {x + y}
}
undefined
obj
{name: "Ram", sal: 45000, add: ƒ}
function greet(name) {
    return "Hello " + name;
}
undefined
greet("Ram")
"Hello Ram"
function greet(name) {
    return "Hello ${name}";
}
undefined
greet('Ram')
"Hello ${name}"
function greet(name) {
    return 'Hello ${name}';
}
undefined
greet('Ram')
"Hello ${name}"
function greet(name) {
    console.log('Hello ${name}');
}
undefined
greet('Ram')
VM1282:2 Hello ${name}
undefined
console.log('${1+3}')
VM1348:1 ${1+3}
undefined
let firstName = 'John',
    lastName = 'Doe';
undefined
let greeting = `Hi ${firstName}, ${lastName}`;
undefined
greeting
"Hi John, Doe"
let greeting = 'Hi ${firstName}, ${lastName}';
undefined
greeting
"Hi ${firstName}, ${lastName}"
let greeting = `Hi ${firstName}, ${lastName}`;
undefined
greeting
"Hi John, Doe"
name = 'Ram'
"Ram"
sal = 45000
45000
msg = `Hello ${name}, Your Salary is ${sal}`
"Hello Ram, Your Salary is 45000"
let obj = {}
VM1585:1 Uncaught SyntaxError: Identifier 'obj' has already been declared
let obj_1 = {}
undefined
obj_1[Symbol('a')] = 'a'
obj_1[Symbol.for('b')] = 'b'
obj_1['c'] = 'c'
obj_1.d = 'd'
"d"
obj_1
{c: "c", d: "d", Symbol(a): "a", Symbol(b): "b"}
